<?xml version="1.0" encoding="UTF-8"?>
<databaseChangeLog
        xmlns="http://www.liquibase.org/xml/ns/dbchangelog"
        xmlns:xsi="http://www.w3.org/2001/XMLSchema-instance"
        xsi:schemaLocation="http://www.liquibase.org/xml/ns/dbchangelog
         http://www.liquibase.org/xml/ns/dbchangelog/dbchangelog-3.0.xsd">

    <!--<property name="now" value="UNIX_TIMESTAMP()" dbms="mysql"/>-->
    <!--<property name="now" value="UNIX_TIMESTAMP()" dbms="hsqldb"/>-->
    <!--<property name="now" value="0" dbms="h2"/>-->

    <include file="liquibase/changesets/property-baseline-changeset.xml" relativeToChangelogFile="false"/>

</databaseChangeLog>